# JRE version: Java(TM) SE Runtime Environment (21.0.1+12) (build 21.0.1+12-LTS-29)
# Java VM: Java HotSpot(TM) 64-Bit Server VM (21.0.1+12-LTS-29, mixed mode, sharing, tiered, compressed oops, compressed class ptrs, g1 gc, windows-amd64)
GC Precious Log:
 CardTable entry size: 512
 Card Set container configuration: InlinePtr #cards 5 size 8 Array Of Cards #cards 12 size 40 Howl #buckets 4 coarsen threshold 1843 Howl Bitmap #cards 512 size 80 coarsen threshold 460 Card regions per heap region 1 cards per card region 2048
 CPUs: 8 total, 8 available
 Memory: 7971M
 Large Page Support: Disabled
 NUMA Support: Disabled
 Compressed Oops: Enabled (32-bit)
 Heap Region Size: 1M
 Heap Min Capacity: 8M
 Heap Initial Capacity: 126M
 Heap Max Capacity: 1994M
 Pre-touch: Disabled
 Parallel Workers: 8
 Concurrent Workers: 2
 Concurrent Refinement Workers: 8
 Periodic GC: Disabled
Heap:
 garbage-first heap   total 122880K, used 98558K [0x0000000083600000, 0x0000000100000000)
  region size 1024K, 76 young (77824K), 10 survivors (10240K)
 Metaspace       used 28157K, committed 28480K, reserved 1114112K
  class space    used 3177K, committed 3328K, reserved 1048576K
GC Heap History (11 events):
Event: 1.436 GC heap before
{Heap before GC invocations=0 (full 0):
 garbage-first heap   total 129024K, used 22528K [0x0000000083600000, 0x0000000100000000)
  region size 1024K, 23 young (23552K), 0 survivors (0K)
 Metaspace       used 5690K, committed 5888K, reserved 1114112K
  class space    used 667K, committed 768K, reserved 1048576K
}
Event: 1.443 GC heap after
{Heap after GC invocations=1 (full 0):
 garbage-first heap   total 129024K, used 3747K [0x0000000083600000, 0x0000000100000000)
  region size 1024K, 3 young (3072K), 3 survivors (3072K)
 Metaspace       used 5690K, committed 5888K, reserved 1114112K
  class space    used 667K, committed 768K, reserved 1048576K
}
Event: 2.096 GC heap before
{Heap before GC invocations=1 (full 0):
 garbage-first heap   total 129024K, used 35491K [0x0000000083600000, 0x0000000100000000)
  region size 1024K, 34 young (34816K), 3 survivors (3072K)
 Metaspace       used 10336K, committed 10496K, reserved 1114112K
  class space    used 1234K, committed 1344K, reserved 1048576K
}
Event: 2.102 GC heap after
{Heap after GC invocations=2 (full 0):
 garbage-first heap   total 129024K, used 5845K [0x0000000083600000, 0x0000000100000000)
  region size 1024K, 2 young (2048K), 2 survivors (2048K)
 Metaspace       used 10336K, committed 10496K, reserved 1114112K
  class space    used 1234K, committed 1344K, reserved 1048576K
}
Event: 3.850 GC heap before
{Heap before GC invocations=2 (full 0):
 garbage-first heap   total 129024K, used 80597K [0x0000000083600000, 0x0000000100000000)
  region size 1024K, 75 young (76800K), 2 survivors (2048K)
 Metaspace       used 16117K, committed 16384K, reserved 1114112K
  class space    used 1875K, committed 1984K, reserved 1048576K
}
Event: 3.864 GC heap after
{Heap after GC invocations=3 (full 0):
 garbage-first heap   total 129024K, used 13533K [0x0000000083600000, 0x0000000100000000)
  region size 1024K, 10 young (10240K), 10 survivors (10240K)
 Metaspace       used 16117K, committed 16384K, reserved 1114112K
  class space    used 1875K, committed 1984K, reserved 1048576K
}
Event: 5.679 GC heap before
{Heap before GC invocations=3 (full 0):
 garbage-first heap   total 129024K, used 80093K [0x0000000083600000, 0x0000000100000000)
  region size 1024K, 75 young (76800K), 10 survivors (10240K)
 Metaspace       used 18211K, committed 18560K, reserved 1114112K
  class space    used 2054K, committed 2240K, reserved 1048576K
}
Event: 5.696 GC heap after
{Heap after GC invocations=4 (full 0):
 garbage-first heap   total 129024K, used 17127K [0x0000000083600000, 0x0000000100000000)
  region size 1024K, 5 young (5120K), 5 survivors (5120K)
 Metaspace       used 18211K, committed 18560K, reserved 1114112K
  class space    used 2054K, committed 2240K, reserved 1048576K
}
Event: 6.436 GC heap before
{Heap before GC invocations=4 (full 0):
 garbage-first heap   total 129024K, used 43751K [0x0000000083600000, 0x0000000100000000)
  region size 1024K, 25 young (25600K), 5 survivors (5120K)
 Metaspace       used 21256K, committed 21504K, reserved 1114112K
  class space    used 2454K, committed 2560K, reserved 1048576K
}
Event: 6.446 GC heap after
{Heap after GC invocations=5 (full 0):
 garbage-first heap   total 129024K, used 27902K [0x0000000083600000, 0x0000000100000000)
  region size 1024K, 9 young (9216K), 9 survivors (9216K)
 Metaspace       used 21256K, committed 21504K, reserved 1114112K
  class space    used 2454K, committed 2560K, reserved 1048576K
}
Event: 8.687 GC heap before
{Heap before GC invocations=6 (full 0):
 garbage-first heap   total 99328K, used 97534K [0x0000000083600000, 0x0000000100000000)
  region size 1024K, 75 young (76800K), 9 survivors (9216K)
 Metaspace       used 28157K, committed 28480K, reserved 1114112K
  class space    used 3177K, committed 3328K, reserved 1048576K
}

