# JRE version: Java(TM) SE Runtime Environment (21.0.1+12) (build 21.0.1+12-LTS-29)
# Java VM: Java HotSpot(TM) 64-Bit Server VM (21.0.1+12-LTS-29, mixed mode, sharing, tiered, compressed oops, compressed class ptrs, g1 gc, windows-amd64)
GC Precious Log:
 CardTable entry size: 512
 Card Set container configuration: InlinePtr #cards 5 size 8 Array Of Cards #cards 12 size 40 Howl #buckets 4 coarsen threshold 1843 Howl Bitmap #cards 512 size 80 coarsen threshold 460 Card regions per heap region 1 cards per card region 2048
 CPUs: 8 total, 8 available
 Memory: 7971M
 Large Page Support: Disabled
 NUMA Support: Disabled
 Compressed Oops: Enabled (32-bit)
 Heap Region Size: 1M
 Heap Min Capacity: 8M
 Heap Initial Capacity: 126M
 Heap Max Capacity: 1994M
 Pre-touch: Disabled
 Parallel Workers: 8
 Concurrent Workers: 2
 Concurrent Refinement Workers: 8
 Periodic GC: Disabled
Heap:
 garbage-first heap   total 123904K, used 99077K [0x0000000083600000, 0x0000000100000000)
  region size 1024K, 66 young (67584K), 10 survivors (10240K)
 Metaspace       used 29858K, committed 30400K, reserved 1114112K
  class space    used 3358K, committed 3584K, reserved 1048576K
GC Heap History (14 events):
Event: 0.827 GC heap before
{Heap before GC invocations=0 (full 0):
 garbage-first heap   total 129024K, used 23552K [0x0000000083600000, 0x0000000100000000)
  region size 1024K, 23 young (23552K), 0 survivors (0K)
 Metaspace       used 5678K, committed 5888K, reserved 1114112K
  class space    used 667K, committed 768K, reserved 1048576K
}
Event: 0.833 GC heap after
{Heap after GC invocations=1 (full 0):
 garbage-first heap   total 129024K, used 3723K [0x0000000083600000, 0x0000000100000000)
  region size 1024K, 3 young (3072K), 3 survivors (3072K)
 Metaspace       used 5678K, committed 5888K, reserved 1114112K
  class space    used 667K, committed 768K, reserved 1048576K
}
Event: 1.466 GC heap before
{Heap before GC invocations=1 (full 0):
 garbage-first heap   total 129024K, used 35467K [0x0000000083600000, 0x0000000100000000)
  region size 1024K, 34 young (34816K), 3 survivors (3072K)
 Metaspace       used 10194K, committed 10304K, reserved 1114112K
  class space    used 1219K, committed 1280K, reserved 1048576K
}
Event: 1.471 GC heap after
{Heap after GC invocations=2 (full 0):
 garbage-first heap   total 129024K, used 5600K [0x0000000083600000, 0x0000000100000000)
  region size 1024K, 2 young (2048K), 2 survivors (2048K)
 Metaspace       used 10194K, committed 10304K, reserved 1114112K
  class space    used 1219K, committed 1280K, reserved 1048576K
}
Event: 3.282 GC heap before
{Heap before GC invocations=2 (full 0):
 garbage-first heap   total 129024K, used 80352K [0x0000000083600000, 0x0000000100000000)
  region size 1024K, 75 young (76800K), 2 survivors (2048K)
 Metaspace       used 16090K, committed 16384K, reserved 1114112K
  class space    used 1876K, committed 1984K, reserved 1048576K
}
Event: 3.295 GC heap after
{Heap after GC invocations=3 (full 0):
 garbage-first heap   total 129024K, used 13677K [0x0000000083600000, 0x0000000100000000)
  region size 1024K, 10 young (10240K), 10 survivors (10240K)
 Metaspace       used 16090K, committed 16384K, reserved 1114112K
  class space    used 1876K, committed 1984K, reserved 1048576K
}
Event: 4.573 GC heap before
{Heap before GC invocations=3 (full 0):
 garbage-first heap   total 129024K, used 114029K [0x0000000083600000, 0x0000000100000000)
  region size 1024K, 57 young (58368K), 10 survivors (10240K)
 Metaspace       used 17655K, committed 17984K, reserved 1114112K
  class space    used 2010K, committed 2176K, reserved 1048576K
}
Event: 4.584 GC heap after
{Heap after GC invocations=4 (full 0):
 garbage-first heap   total 129024K, used 36597K [0x0000000083600000, 0x0000000100000000)
  region size 1024K, 4 young (4096K), 4 survivors (4096K)
 Metaspace       used 17655K, committed 17984K, reserved 1114112K
  class space    used 2010K, committed 2176K, reserved 1048576K
}
Event: 4.587 GC heap before
{Heap before GC invocations=4 (full 0):
 garbage-first heap   total 129024K, used 57077K [0x0000000083600000, 0x0000000100000000)
  region size 1024K, 5 young (5120K), 4 survivors (4096K)
 Metaspace       used 17655K, committed 17984K, reserved 1114112K
  class space    used 2010K, committed 2176K, reserved 1048576K
}
Event: 4.590 GC heap after
{Heap after GC invocations=5 (full 0):
 garbage-first heap   total 129024K, used 23813K [0x0000000083600000, 0x0000000100000000)
  region size 1024K, 3 young (3072K), 3 survivors (3072K)
 Metaspace       used 17655K, committed 17984K, reserved 1114112K
  class space    used 2010K, committed 2176K, reserved 1048576K
}
Event: 5.582 GC heap before
{Heap before GC invocations=5 (full 0):
 garbage-first heap   total 129024K, used 86277K [0x0000000083600000, 0x0000000100000000)
  region size 1024K, 34 young (34816K), 3 survivors (3072K)
 Metaspace       used 21255K, committed 21504K, reserved 1114112K
  class space    used 2457K, committed 2560K, reserved 1048576K
}
Event: 5.590 GC heap after
{Heap after GC invocations=6 (full 0):
 garbage-first heap   total 129024K, used 27298K [0x0000000083600000, 0x0000000100000000)
  region size 1024K, 9 young (9216K), 9 survivors (9216K)
 Metaspace       used 21255K, committed 21504K, reserved 1114112K
  class space    used 2457K, committed 2560K, reserved 1048576K
}
Event: 7.609 GC heap before
{Heap before GC invocations=7 (full 0):
 garbage-first heap   total 99328K, used 96930K [0x0000000083600000, 0x0000000100000000)
  region size 1024K, 75 young (76800K), 9 survivors (9216K)
 Metaspace       used 27979K, committed 28288K, reserved 1114112K
  class space    used 3159K, committed 3328K, reserved 1048576K
}
Event: 7.639 GC heap after
{Heap after GC invocations=8 (full 0):
 garbage-first heap   total 123904K, used 42757K [0x0000000083600000, 0x0000000100000000)
  region size 1024K, 10 young (10240K), 10 survivors (10240K)
 Metaspace       used 27979K, committed 28288K, reserved 1114112K
  class space    used 3159K, committed 3328K, reserved 1048576K
}

